# JRE version: OpenJDK Runtime Environment Temurin-11.0.12+7 (11.0.12+7) (build 11.0.12+7)
# Java VM: OpenJDK 64-Bit Server VM Temurin-11.0.12+7 (11.0.12+7, mixed mode, tiered, compressed oops, g1 gc, windows-amd64)
Heap:
 garbage-first heap   total 196608K, used 31744K [0x0000000741c00000, 0x0000000800000000)
  region size 1024K, 16 young (16384K), 5 survivors (5120K)
 Metaspace       used 26447K, capacity 26696K, committed 26880K, reserved 1073152K
  class space    used 2994K, capacity 3072K, committed 3072K, reserved 1048576K
GC Heap History (8 events):
Event: 0.571 GC heap before
{Heap before GC invocations=0 (full 0):
 garbage-first heap   total 196608K, used 14336K [0x0000000741c00000, 0x0000000800000000)
  region size 1024K, 14 young (14336K), 0 survivors (0K)
 Metaspace       used 8095K, capacity 8192K, committed 8448K, reserved 1056768K
  class space    used 694K, capacity 723K, committed 768K, reserved 1048576K
}
Event: 0.587 GC heap after
{Heap after GC invocations=1 (full 0):
 garbage-first heap   total 196608K, used 4622K [0x0000000741c00000, 0x0000000800000000)
  region size 1024K, 2 young (2048K), 2 survivors (2048K)
 Metaspace       used 8095K, capacity 8192K, committed 8448K, reserved 1056768K
  class space    used 694K, capacity 723K, committed 768K, reserved 1048576K
}
Event: 2.238 GC heap before
{Heap before GC invocations=1 (full 0):
 garbage-first heap   total 196608K, used 80398K [0x0000000741c00000, 0x0000000800000000)
  region size 1024K, 71 young (72704K), 2 survivors (2048K)
 Metaspace       used 17528K, capacity 17766K, committed 17920K, reserved 1064960K
  class space    used 1922K, capacity 2012K, committed 2048K, reserved 1048576K
}
Event: 2.249 GC heap after
{Heap after GC invocations=2 (full 0):
 garbage-first heap   total 196608K, used 15332K [0x0000000741c00000, 0x0000000800000000)
  region size 1024K, 9 young (9216K), 9 survivors (9216K)
 Metaspace       used 17528K, capacity 17766K, committed 17920K, reserved 1064960K
  class space    used 1922K, capacity 2012K, committed 2048K, reserved 1048576K
}
Event: 2.781 GC heap before
{Heap before GC invocations=2 (full 0):
 garbage-first heap   total 196608K, used 35812K [0x0000000741c00000, 0x0000000800000000)
  region size 1024K, 30 young (30720K), 9 survivors (9216K)
 Metaspace       used 20909K, capacity 21092K, committed 21248K, reserved 1069056K
  class space    used 2383K, capacity 2433K, committed 2560K, reserved 1048576K
}
Event: 2.794 GC heap after
{Heap after GC invocations=3 (full 0):
 garbage-first heap   total 196608K, used 17633K [0x0000000741c00000, 0x0000000800000000)
  region size 1024K, 3 young (3072K), 3 survivors (3072K)
 Metaspace       used 20909K, capacity 21092K, committed 21248K, reserved 1069056K
  class space    used 2383K, capacity 2433K, committed 2560K, reserved 1048576K
}
Event: 4.346 GC heap before
{Heap before GC invocations=4 (full 0):
 garbage-first heap   total 196608K, used 54497K [0x0000000741c00000, 0x0000000800000000)
  region size 1024K, 39 young (39936K), 3 survivors (3072K)
 Metaspace       used 25263K, capacity 25538K, committed 25856K, reserved 1073152K
  class space    used 2885K, capacity 2964K, committed 3072K, reserved 1048576K
}
Event: 4.354 GC heap after
{Heap after GC invocations=5 (full 0):
 garbage-first heap   total 196608K, used 21504K [0x0000000741c00000, 0x0000000800000000)
  region size 1024K, 5 young (5120K), 5 survivors (5120K)
 Metaspace       used 25263K, capacity 25538K, committed 25856K, reserved 1073152K
  class space    used 2885K, capacity 2964K, committed 3072K, reserved 1048576K
}

